<?xml version="1.0" encoding="UTF-8" ?>
<testsuite errors="0" failures="1" hostname="LAPTOP-RCG8HKJT" name="junit.CalculatorTest" skipped="0" tests="4" time="0.08" timestamp="2017-08-16T03:12:12">
  <properties>
    <property name="java.vendor" value="Oracle Corporation" />
    <property name="env.MOZ_PLUGIN_PATH" value="C:\Program Files (x86)\Foxit Software\Foxit Reader\plugins\" />
    <property name="env.USERDOMAIN_ROAMINGPROFILE" value="LAPTOP-RCG8HKJT" />
    <property name="sun.java.launcher" value="SUN_STANDARD" />
    <property name="eclipse.pdebuild.templates" value="/D:/MyDownloads/Download/eclipse/plugins/org.eclipse.pde.build_3.9.100.v20150521-1524/templates/" />
    <property name="sun.management.compiler" value="HotSpot 64-Bit Tiered Compilers" />
    <property name="env.CURR_DIR" value="D:\Program Files (x86)\HP\LoadRunner\dat\Setup\LoadRunner\MSBuild\..\..\..\.." />
    <property name="env.PROMPT" value="$P$G" />
    <property name="os.name" value="Windows 8.1" />
    <property name="sun.boot.class.path" value="D:\Program Files\Java\jdk1.7.0_80\jre\lib\resources.jar;D:\Program Files\Java\jdk1.7.0_80\jre\lib\rt.jar;D:\Program Files\Java\jdk1.7.0_80\jre\lib\sunrsasign.jar;D:\Program Files\Java\jdk1.7.0_80\jre\lib\jsse.jar;D:\Program Files\Java\jdk1.7.0_80\jre\lib\jce.jar;D:\Program Files\Java\jdk1.7.0_80\jre\lib\charsets.jar;D:\Program Files\Java\jdk1.7.0_80\jre\lib\jfr.jar;D:\Program Files\Java\jdk1.7.0_80\jre\classes" />
    <property name="env.COMPUTERNAME" value="LAPTOP-RCG8HKJT" />
    <property name="env.CommonProgramW6432" value="C:\Program Files\Common Files" />
    <property name="env.ALLUSERSPROFILE" value="C:\ProgramData" />
    <property name="sun.desktop" value="windows" />
    <property name="java.vm.specification.vendor" value="Oracle Corporation" />
    <property name="ant.home" value="D:\MyDownloads\Download\eclipse\plugins\org.apache.ant_1.9.4.v201504302020" />
    <property name="java.runtime.version" value="1.7.0_80-b15" />
    <property name="env.HOMEPATH" value="\Users\qiuxianhong" />
    <property name="user.name" value="qiuxianhong" />
    <property name="user.language" value="zh" />
    <property name="sun.boot.library.path" value="D:\Program Files\Java\jdk1.7.0_80\jre\bin" />
    <property name="env.LR_PATH" value="D:\Program Files (x86)\HP\LoadRunner\" />
    <property name="ant.project.default-target" value="build" />
    <property name="ant.project.name" value="Software Test" />
    <property name="java.version" value="1.7.0_80" />
    <property name="env.PROCESSOR_IDENTIFIER" value="Intel64 Family 6 Model 78 Stepping 3, GenuineIntel" />
    <property name="user.timezone" value="" />
    <property name="env.asl.log" value="Destination=file" />
    <property name="env.TEMP" value="C:\Users\QIUXIA~1\AppData\Local\Temp" />
    <property name="sun.arch.data.model" value="64" />
    <property name="java.endorsed.dirs" value="D:\Program Files\Java\jdk1.7.0_80\jre\lib\endorsed" />
    <property name="sun.cpu.isalist" value="amd64" />
    <property name="env.HOMEDRIVE" value="C:" />
    <property name="sun.jnu.encoding" value="GBK" />
    <property name="file.encoding.pkg" value="sun.io" />
    <property name="ECLIPSE_HOME" value="../../../MyDownloads/Download/eclipse/" />
    <property name="file.separator" value="\" />
    <property name="java.specification.name" value="Java Platform API Specification" />
    <property name="java.class.version" value="51.0" />
    <property name="user.country" value="CN" />
    <property name="java.home" value="D:\Program Files\Java\jdk1.7.0_80\jre" />
    <property name="env.PSModulePath" value="C:\Program Files\WindowsPowerShell\Modules;C:\WINDOWS\system32\WindowsPowerShell\v1.0\Modules" />
    <property name="env.ANDROID_HOME" value="C:\Users\qiuxianhong\AppData\Local\Android\android-sdk" />
    <property name="env.APPDATA" value="C:\Users\qiuxianhong\AppData\Roaming" />
    <property name="env.PUBLIC" value="C:\Users\Public" />
    <property name="java.vm.info" value="mixed mode" />
    <property name="env.ComSpec" value="C:\WINDOWS\system32\cmd.exe" />
    <property name="env.OS" value="Windows_NT" />
    <property name="env.CommonProgramFiles" value="C:\Program Files\Common Files" />
    <property name="ant.file" value="D:\程序\eclipse\Software Test\build.xml" />
    <property name="os.version" value="6.3" />
    <property name="env.ProgramW6432" value="C:\Program Files" />
    <property name="env.configsetroot" value="C:\WINDOWS\ConfigSetRoot" />
    <property name="path.separator" value=";" />
    <property name="java.vm.version" value="24.80-b11" />
    <property name="env.VUGEN_PATH" value="D:\Program Files (x86)\HP\LoadRunner\" />
    <property name="env.USERPROFILE" value="C:\Users\qiuxianhong" />
    <property name="user.variant" value="" />
    <property name="ant.library.dir" value="D:\MyDownloads\Download\eclipse\plugins\org.apache.ant_1.9.4.v201504302020\lib" />
    <property name="junit.output.dir" value="report" />
    <property name="env.JAVA_HOME" value="D:\Program Files\Java\jdk1.7.0_80" />
    <property name="java.awt.printerjob" value="sun.awt.windows.WPrinterJob" />
    <property name="env.TERM" value="dumb" />
    <property name="env.TMP" value="C:\Users\QIUXIA~1\AppData\Local\Temp" />
    <property name="env.FPS_BROWSER_USER_PROFILE_STRING" value="Default" />
    <property name="sun.io.unicode.encoding" value="UnicodeLittle" />
    <property name="env.LG_PATH" value="D:\Program Files (x86)\HP\LoadRunner\" />
    <property name="awt.toolkit" value="sun.awt.windows.WToolkit" />
    <property name="user.script" value="" />
    <property name="eclipse.pdebuild.scripts" value="/D:/MyDownloads/Download/eclipse/plugins/org.eclipse.pde.build_3.9.100.v20150521-1524/scripts/" />
    <property name="target" value="1.7" />
    <property name="env.FTP_PASSIVE" value="1" />
    <property name="user.home" value="D:" />
    <property name="env.ANDROID_SDK_HOME" value="C:\Users\qiuxianhong\AppData\Local\Android\android-sdk" />
    <property name="env.ProgramData" value="C:\ProgramData" />
    <property name="env.SESSIONNAME" value="Console" />
    <property name="env.ProgramFiles(x86)" value="C:\Program Files (x86)" />
    <property name="java.specification.vendor" value="Oracle Corporation" />
    <property name="java.library.path" value="D:\Program Files\Java\jdk1.7.0_80\jre\bin;C:\WINDOWS\Sun\Java\bin;C:\WINDOWS\system32;C:\WINDOWS;D:/Program Files/Java/jdk1.7.0_80/bin/../jre/bin/server;D:/Program Files/Java/jdk1.7.0_80/bin/../jre/bin;D:/Program Files/Java/jdk1.7.0_80/bin/../jre/lib/amd64;D:\Program Files\Java\jdk1.7.0_80\bin;C:\WINDOWS\system32;C:\WINDOWS;C:\WINDOWS\System32\Wbem;C:\WINDOWS\System32\WindowsPowerShell\v1.0\;C:\Program Files (x86)\Common Files\lenovo\easyplussdk\bin;C:\Program Files\Intel\WiFi\bin\;C:\Program Files\Common Files\Intel\WirelessCommon\;C:\Program Files (x86)\Microsoft SQL Server\100\Tools\Binn\;C:\Program Files\Microsoft SQL Server\100\Tools\Binn\;C:\Program Files\Microsoft SQL Server\100\DTS\Binn\;C:\Users\qiuxianhong\AppData\Local\Android\android-sdk\tools;D:\软件测试软件\apache-ant-1.9.9\bin;C:\strawberry\c\bin;C:\strawberry\perl\bin;C:\Users\qiuxianhong\AppData\Local\Microsoft\WindowsApps;C:\Users\qiuxianhong\AppData\Local\GitHubDesktop\bin;D:\MyDownloads\Download\eclipse;;." />
    <property name="env.NUMBER_OF_PROCESSORS" value="4" />
    <property name="java.vendor.url" value="http://java.oracle.com/" />
    <property name="env.LR_ROOT" value="D:\Program Files (x86)\HP\LoadRunner\" />
    <property name="java.vm.vendor" value="Oracle Corporation" />
    <property name="java.runtime.name" value="Java(TM) SE Runtime Environment" />
    <property name="ant.version" value="Apache Ant(TM) version 1.9.4 compiled on April 29 2014" />
    <property name="java.class.path" value="D:\程序\eclipse\Software Test\bin;D:\MyDownloads\Download\eclipse\plugins\org.junit_4.12.0.v201504281640\junit.jar;D:\MyDownloads\Download\eclipse\plugins\org.hamcrest.core_1.3.0.v201303031735.jar;D:\MyDownloads\Download\eclipse\plugins\org.apache.ant_1.9.4.v201504302020\lib\ant-launcher.jar;D:\MyDownloads\Download\eclipse\plugins\org.apache.ant_1.9.4.v201504302020\lib\ant.jar;D:\MyDownloads\Download\eclipse\plugins\org.apache.ant_1.9.4.v201504302020\lib\ant-junit.jar;D:\MyDownloads\Download\eclipse\plugins\org.apache.ant_1.9.4.v201504302020\lib\ant-junit4.jar" />
    <property name="sun.java.command" value="org.apache.tools.ant.taskdefs.optional.junit.JUnitTestRunner junit.CalculatorTest skipNonTests=false filtertrace=true haltOnError=false haltOnFailure=false formatter=org.apache.tools.ant.taskdefs.optional.junit.OutErrSummaryJUnitResultFormatter showoutput=false outputtoformatters=true logfailedtests=true threadid=0 logtestlistenerevents=false formatter=org.apache.tools.ant.taskdefs.optional.junit.XMLJUnitResultFormatter,D:\程序\eclipse\Software Test\report\TEST-junit.CalculatorTest.xml crashfile=D:\程序\eclipse\Software Test\junitvmwatcher2976242381457702311.properties propsfile=D:\程序\eclipse\Software Test\junit2385728534951935192.properties" />
    <property name="java.vm.specification.name" value="Java Virtual Machine Specification" />
    <property name="env.windir" value="C:\WINDOWS" />
    <property name="env.LOGONSERVER" value="\\LAPTOP-RCG8HKJT" />
    <property name="env.PROCESSOR_ARCHITECTURE" value="AMD64" />
    <property name="java.vm.specification.version" value="1.7" />
    <property name="env.LOGGER_CONFIG_PATH" value="D:\Program Files (x86)\HP\LoadRunner\dat\ltlogconf.xml" />
    <property name="sun.os.patch.level" value="" />
    <property name="sun.cpu.endian" value="little" />
    <property name="debuglevel" value="source,lines,vars" />
    <property name="env.OneDrive" value="D:\OneDrive" />
    <property name="env.ProgramFiles" value="C:\Program Files" />
    <property name="env.ANT_HOME" value="D:\MyDownloads\Download\eclipse\plugins\org.apache.ant_1.9.4.v201504302020" />
    <property name="env.PROCESSOR_REVISION" value="4e03" />
    <property name="eclipse.pdebuild.home" value="/D:/MyDownloads/Download/eclipse/plugins/org.eclipse.pde.build_3.9.100.v20150521-1524/./" />
    <property name="ant.file.Software Test" value="D:\程序\eclipse\Software Test\build.xml" />
    <property name="java.io.tmpdir" value="C:\Users\QIUXIA~1\AppData\Local\Temp\" />
    <property name="env.CommonProgramFiles(x86)" value="C:\Program Files (x86)\Common Files" />
    <property name="java.vendor.url.bug" value="http://bugreport.sun.com/bugreport/" />
    <property name="env.SystemRoot" value="C:\WINDOWS" />
    <property name="env.FPS_BROWSER_APP_PROFILE_STRING" value="Internet Explorer" />
    <property name="java.awt.graphicsenv" value="sun.awt.Win32GraphicsEnvironment" />
    <property name="os.arch" value="amd64" />
    <property name="java.ext.dirs" value="D:\Program Files\Java\jdk1.7.0_80\jre\lib\ext;C:\WINDOWS\Sun\Java\lib\ext" />
    <property name="user.dir" value="D:\程序\eclipse\Software Test" />
    <property name="env.LOCALAPPDATA" value="C:\Users\qiuxianhong\AppData\Local" />
    <property name="line.separator" value="&#xd;&#xa;" />
    <property name="java.vm.name" value="Java HotSpot(TM) 64-Bit Server VM" />
    <property name="env.PATHEXT" value=".COM;.EXE;.BAT;.CMD;.VBS;.VBE;.JS;.JSE;.WSF;.WSH;.MSC" />
    <property name="env.Path" value="D:/Program Files/Java/jdk1.7.0_80/bin/../jre/bin/server;D:/Program Files/Java/jdk1.7.0_80/bin/../jre/bin;D:/Program Files/Java/jdk1.7.0_80/bin/../jre/lib/amd64;D:\Program Files\Java\jdk1.7.0_80\bin;C:\WINDOWS\system32;C:\WINDOWS;C:\WINDOWS\System32\Wbem;C:\WINDOWS\System32\WindowsPowerShell\v1.0\;C:\Program Files (x86)\Common Files\lenovo\easyplussdk\bin;C:\Program Files\Intel\WiFi\bin\;C:\Program Files\Common Files\Intel\WirelessCommon\;C:\Program Files (x86)\Microsoft SQL Server\100\Tools\Binn\;C:\Program Files\Microsoft SQL Server\100\Tools\Binn\;C:\Program Files\Microsoft SQL Server\100\DTS\Binn\;C:\Users\qiuxianhong\AppData\Local\Android\android-sdk\tools;D:\软件测试软件\apache-ant-1.9.9\bin;C:\strawberry\c\bin;C:\strawberry\perl\bin;C:\Users\qiuxianhong\AppData\Local\Microsoft\WindowsApps;C:\Users\qiuxianhong\AppData\Local\GitHubDesktop\bin;D:\MyDownloads\Download\eclipse;" />
    <property name="basedir" value="D:\程序\eclipse\Software Test" />
    <property name="env.easyplussdk" value="&quot;C:\Program Files (x86)\Common Files\lenovo\easyplussdk\bin&quot;" />
    <property name="ant.java.version" value="1.7" />
    <property name="ant.core.lib" value="D:\MyDownloads\Download\eclipse\plugins\org.apache.ant_1.9.4.v201504302020\lib\ant.jar" />
    <property name="env.USERNAME" value="qiuxianhong" />
    <property name="env.SystemDrive" value="C:" />
    <property name="source" value="1.7" />
    <property name="file.encoding" value="GBK" />
    <property name="env.VS100COMNTOOLS" value="d:\Program Files (x86)\Microsoft Visual Studio 10.0\Common7\Tools\" />
    <property name="env.USERDOMAIN" value="LAPTOP-RCG8HKJT" />
    <property name="ant.file.type.Software Test" value="file" />
    <property name="java.specification.version" value="1.7" />
    <property name="env.ANALYSIS_PATH" value="D:\Program Files (x86)\HP\LoadRunner\" />
    <property name="env.TARGETDIR" value="D:\Program Files (x86)\HP\LoadRunner\dat\Setup\LoadRunner\MSBuild\..\..\..\.." />
    <property name="ant.project.invoked-targets" value="CalculatorTest" />
    <property name="env.LOG_FILE" value="C:\Users\QIUXIA~1\AppData\Local\Temp\ihp_custom_batches.log" />
    <property name="env.PROCESSOR_LEVEL" value="6" />
  </properties>
  <testcase classname="junit.CalculatorTest" name="testAdd" time="0.002" />
  <testcase classname="junit.CalculatorTest" name="testSubstract" time="0.005">
    <failure message="expected:&lt;8&gt; but was:&lt;9&gt;" type="junit.framework.AssertionFailedError">junit.framework.AssertionFailedError: expected:&lt;8&gt; but was:&lt;9&gt;
	at junit.CalculatorTest.testSubstract(CalculatorTest.java:29)
</failure>
  </testcase>
  <testcase classname="junit.CalculatorTest" name="testDivide" time="0.0" />
  <testcase classname="junit.CalculatorTest" name="testMultiply" time="0.001" />
  <system-out><![CDATA[]]></system-out>
  <system-err><![CDATA[]]></system-err>
</testsuite>
