<?xml version="1.0" encoding="UTF-8" ?>
<testsuite errors="1" failures="0" hostname="LAPTOP-RCG8HKJT" name="test.CalculatorTest" skipped="0" tests="1" time="0.0" timestamp="2017-08-15T14:37:18">
  <properties>
    <property name="java.vendor" value="Oracle Corporation" />
    <property name="sun.java.launcher" value="SUN_STANDARD" />
    <property name="eclipse.pdebuild.templates" value="/D:/MyDownloads/Download/eclipse/plugins/org.eclipse.pde.build_3.9.100.v20150521-1524/templates/" />
    <property name="sun.management.compiler" value="HotSpot 64-Bit Tiered Compilers" />
    <property name="os.name" value="Windows 8.1" />
    <property name="sun.boot.class.path" value="D:\Program Files\Java\jdk1.7.0_80\jre\lib\resources.jar;D:\Program Files\Java\jdk1.7.0_80\jre\lib\rt.jar;D:\Program Files\Java\jdk1.7.0_80\jre\lib\sunrsasign.jar;D:\Program Files\Java\jdk1.7.0_80\jre\lib\jsse.jar;D:\Program Files\Java\jdk1.7.0_80\jre\lib\jce.jar;D:\Program Files\Java\jdk1.7.0_80\jre\lib\charsets.jar;D:\Program Files\Java\jdk1.7.0_80\jre\lib\jfr.jar;D:\Program Files\Java\jdk1.7.0_80\jre\classes" />
    <property name="sun.desktop" value="windows" />
    <property name="java.vm.specification.vendor" value="Oracle Corporation" />
    <property name="ant.home" value="D:\MyDownloads\Download\eclipse\plugins\org.apache.ant_1.9.4.v201504302020" />
    <property name="java.runtime.version" value="1.7.0_80-b15" />
    <property name="user.name" value="qiuxianhong" />
    <property name="user.language" value="zh" />
    <property name="dist.path" value="dist" />
    <property name="sun.boot.library.path" value="D:\Program Files\Java\jdk1.7.0_80\jre\bin" />
    <property name="ant.project.default-target" value="junit" />
    <property name="ant.project.name" value="Software Test" />
    <property name="java.version" value="1.7.0_80" />
    <property name="user.timezone" value="" />
    <property name="sun.arch.data.model" value="64" />
    <property name="java.endorsed.dirs" value="D:\Program Files\Java\jdk1.7.0_80\jre\lib\endorsed" />
    <property name="sun.cpu.isalist" value="amd64" />
    <property name="sun.jnu.encoding" value="GBK" />
    <property name="file.encoding.pkg" value="sun.io" />
    <property name="file.separator" value="\" />
    <property name="java.specification.name" value="Java Platform API Specification" />
    <property name="report.path" value="report" />
    <property name="java.class.version" value="51.0" />
    <property name="user.country" value="CN" />
    <property name="java.home" value="D:\Program Files\Java\jdk1.7.0_80\jre" />
    <property name="java.vm.info" value="mixed mode" />
    <property name="ant.file" value="D:\程序\eclipse\Software Test\build.xml" />
    <property name="os.version" value="6.3" />
    <property name="path.separator" value=";" />
    <property name="java.vm.version" value="24.80-b11" />
    <property name="user.variant" value="" />
    <property name="ant.library.dir" value="D:\MyDownloads\Download\eclipse\plugins\org.apache.ant_1.9.4.v201504302020\lib" />
    <property name="java.awt.printerjob" value="sun.awt.windows.WPrinterJob" />
    <property name="sun.io.unicode.encoding" value="UnicodeLittle" />
    <property name="awt.toolkit" value="sun.awt.windows.WToolkit" />
    <property name="user.script" value="" />
    <property name="eclipse.pdebuild.scripts" value="/D:/MyDownloads/Download/eclipse/plugins/org.eclipse.pde.build_3.9.100.v20150521-1524/scripts/" />
    <property name="user.home" value="D:" />
    <property name="java.specification.vendor" value="Oracle Corporation" />
    <property name="java.library.path" value="D:\Program Files\Java\jdk1.7.0_80\jre\bin;C:\WINDOWS\Sun\Java\bin;C:\WINDOWS\system32;C:\WINDOWS;D:/Program Files/Java/jdk1.7.0_80/bin/../jre/bin/server;D:/Program Files/Java/jdk1.7.0_80/bin/../jre/bin;D:/Program Files/Java/jdk1.7.0_80/bin/../jre/lib/amd64;D:\Program Files\Java\jdk1.7.0_80\bin;C:\WINDOWS\system32;C:\WINDOWS;C:\WINDOWS\System32\Wbem;C:\WINDOWS\System32\WindowsPowerShell\v1.0\;C:\Program Files (x86)\Common Files\lenovo\easyplussdk\bin;C:\Program Files\Intel\WiFi\bin\;C:\Program Files\Common Files\Intel\WirelessCommon\;C:\Program Files (x86)\Microsoft SQL Server\100\Tools\Binn\;C:\Program Files\Microsoft SQL Server\100\Tools\Binn\;C:\Program Files\Microsoft SQL Server\100\DTS\Binn\;C:\Users\qiuxianhong\AppData\Local\Android\android-sdk\tools;D:\软件测试软件\apache-ant-1.9.9\bin;C:\strawberry\c\bin;C:\strawberry\perl\bin;C:\Users\qiuxianhong\AppData\Local\Microsoft\WindowsApps;C:\Users\qiuxianhong\AppData\Local\GitHubDesktop\bin;D:\MyDownloads\Download\eclipse;;." />
    <property name="java.vendor.url" value="http://java.oracle.com/" />
    <property name="java.vm.vendor" value="Oracle Corporation" />
    <property name="java.runtime.name" value="Java(TM) SE Runtime Environment" />
    <property name="sun.java.command" value="org.apache.tools.ant.taskdefs.optional.junit.JUnitTestRunner test.CalculatorTest skipNonTests=false filtertrace=true haltOnError=false haltOnFailure=false formatter=org.apache.tools.ant.taskdefs.optional.junit.SummaryJUnitResultFormatter showoutput=false outputtoformatters=true logfailedtests=true threadid=0 logtestlistenerevents=false formatter=org.apache.tools.ant.taskdefs.optional.junit.XMLJUnitResultFormatter,D:\程序\eclipse\Software Test\report\TEST-test.CalculatorTest.xml crashfile=D:\程序\eclipse\Software Test\junitvmwatcher546821526601274967.properties propsfile=D:\程序\eclipse\Software Test\junit3607092659292409306.properties" />
    <property name="java.class.path" value="D:\程序\eclipse\Software Test\lib\junit-4.4.jar;D:\程序\eclipse\Software Test\build;D:\MyDownloads\Download\eclipse\plugins\org.apache.ant_1.9.4.v201504302020\lib\ant-launcher.jar;D:\MyDownloads\Download\eclipse\plugins\org.apache.ant_1.9.4.v201504302020\lib\ant.jar;D:\MyDownloads\Download\eclipse\plugins\org.apache.ant_1.9.4.v201504302020\lib\ant-junit.jar;D:\MyDownloads\Download\eclipse\plugins\org.apache.ant_1.9.4.v201504302020\lib\ant-junit4.jar" />
    <property name="src.path" value="src/java" />
    <property name="ant.version" value="Apache Ant(TM) version 1.9.4 compiled on April 29 2014" />
    <property name="java.vm.specification.name" value="Java Virtual Machine Specification" />
    <property name="java.vm.specification.version" value="1.7" />
    <property name="sun.cpu.endian" value="little" />
    <property name="sun.os.patch.level" value="" />
    <property name="ant.file.Software Test" value="D:\程序\eclipse\Software Test\build.xml" />
    <property name="eclipse.pdebuild.home" value="/D:/MyDownloads/Download/eclipse/plugins/org.eclipse.pde.build_3.9.100.v20150521-1524/./" />
    <property name="java.io.tmpdir" value="C:\Users\QIUXIA~1\AppData\Local\Temp\" />
    <property name="java.vendor.url.bug" value="http://bugreport.sun.com/bugreport/" />
    <property name="lib.path" value="lib" />
    <property name="os.arch" value="amd64" />
    <property name="java.awt.graphicsenv" value="sun.awt.Win32GraphicsEnvironment" />
    <property name="java.ext.dirs" value="D:\Program Files\Java\jdk1.7.0_80\jre\lib\ext;C:\WINDOWS\Sun\Java\lib\ext" />
    <property name="user.dir" value="D:\程序\eclipse\Software Test" />
    <property name="line.separator" value="&#xd;&#xa;" />
    <property name="java.vm.name" value="Java HotSpot(TM) 64-Bit Server VM" />
    <property name="build.path" value="build" />
    <property name="basedir" value="D:\程序\eclipse\Software Test" />
    <property name="ant.java.version" value="1.7" />
    <property name="ant.core.lib" value="D:\MyDownloads\Download\eclipse\plugins\org.apache.ant_1.9.4.v201504302020\lib\ant.jar" />
    <property name="test.path" value="src/test" />
    <property name="file.encoding" value="GBK" />
    <property name="ant.file.type.Software Test" value="file" />
    <property name="java.specification.version" value="1.7" />
    <property name="ant.project.invoked-targets" value="junit" />
  </properties>
  <error type="java.lang.ExceptionInInitializerError">java.lang.ExceptionInInitializerError
	at java.lang.Class.forName0(Native Method)
	at java.lang.Class.forName(Class.java:195)
Caused by: java.lang.SecurityException: Prohibited package name: java
	at java.lang.ClassLoader.preDefineClass(ClassLoader.java:658)
	at java.lang.ClassLoader.defineClass(ClassLoader.java:794)
	at java.security.SecureClassLoader.defineClass(SecureClassLoader.java:142)
	at java.net.URLClassLoader.defineClass(URLClassLoader.java:449)
	at java.net.URLClassLoader.access$100(URLClassLoader.java:71)
	at java.net.URLClassLoader$1.run(URLClassLoader.java:361)
	at java.net.URLClassLoader$1.run(URLClassLoader.java:355)
	at java.security.AccessController.doPrivileged(Native Method)
	at java.net.URLClassLoader.findClass(URLClassLoader.java:354)
	at java.lang.ClassLoader.loadClass(ClassLoader.java:425)
	at sun.misc.Launcher$AppClassLoader.loadClass(Launcher.java:308)
	at java.lang.ClassLoader.loadClass(ClassLoader.java:358)
	at test.CalculatorTest.&lt;clinit&gt;(Unknown Source)
</error>
  <system-out><![CDATA[]]></system-out>
  <system-err><![CDATA[]]></system-err>
</testsuite>
